<?xml version="1.0" encoding="UTF-8"?>
<!-- Generated by org.testng.reporters.JUnitReportReporter -->
<testsuite hostname="DESKTOP-L156P0I" failures="0" tests="1" name="TestNgPrograms.M" time="0.018" errors="0" timestamp="2023-10-22T05:33:14 IST" skipped="0">
  <testcase classname="TestNgPrograms.M" name="name" time="0.018"/>
  <system-out/>
</testsuite> <!-- TestNgPrograms.M -->
