<?xml version="1.0" encoding="UTF-8"?>
<!-- Generated by org.testng.reporters.JUnitReportReporter -->
<testsuite hostname="DESKTOP-L156P0I" failures="0" tests="1" name="TestNgPrograms.AfterBeforeLoad" time="11.187" errors="0" timestamp="2023-10-28T04:21:21 IST" skipped="0">
  <testcase classname="TestNgPrograms.AfterBeforeLoad" name="scrolldown" time="11.187"/>
  <system-out/>
</testsuite> <!-- TestNgPrograms.AfterBeforeLoad -->
