<?xml version="1.0" encoding="UTF-8"?>
<!-- Generated by org.testng.reporters.JUnitReportReporter -->
<testsuite hostname="DESKTOP-L156P0I" failures="0" tests="1" name="otherPrograms.M" time="0.012" errors="0" timestamp="2023-10-16T00:29:07 IST" skipped="0">
  <testcase classname="otherPrograms.M" name="name" time="0.012"/>
  <system-out/>
</testsuite> <!-- otherPrograms.M -->
