<?xml version="1.0" encoding="UTF-8"?>
<!-- Generated by org.testng.reporters.JUnitReportReporter -->
<testsuite hostname="DESKTOP-L156P0I" failures="0" tests="3" name="TestNgPrograms.TestPriority" time="0.015" errors="0" timestamp="2023-10-28T04:21:21 IST" skipped="0">
  <testcase classname="TestNgPrograms.TestPriority" name="Manish" time="0.000"/>
  <system-out/>
  <testcase classname="TestNgPrograms.TestPriority" name="Vivek" time="0.015"/>
  <system-out/>
  <testcase classname="TestNgPrograms.TestPriority" name="Suyash" time="0.000"/>
  <system-out/>
</testsuite> <!-- TestNgPrograms.TestPriority -->
