<?xml version="1.0" encoding="UTF-8"?>
<!-- Generated by org.testng.reporters.JUnitReportReporter -->
<testsuite hostname="DESKTOP-L156P0I" failures="0" tests="3" name="TestNgPrograms.TP_Byletter" time="0.000" errors="0" timestamp="2023-10-28T04:21:21 IST" skipped="0">
  <testcase classname="TestNgPrograms.TP_Byletter" name="Ship" time="0.000"/>
  <system-out/>
  <testcase classname="TestNgPrograms.TP_Byletter" name="Bus" time="0.000"/>
  <system-out/>
  <testcase classname="TestNgPrograms.TP_Byletter" name="aeroplane" time="0.000"/>
  <system-out/>
</testsuite> <!-- TestNgPrograms.TP_Byletter -->
