<?xml version="1.0" encoding="UTF-8"?>
<!-- Generated by org.testng.reporters.JUnitReportReporter -->
<testsuite hostname="DESKTOP-L156P0I" failures="0" tests="3" name="TestNgPrograms.TP_ByNumber" time="0.012" errors="0" timestamp="2023-10-28T04:21:21 IST" skipped="0">
  <testcase classname="TestNgPrograms.TP_ByNumber" name="Amruta" time="0.004"/>
  <system-out/>
  <testcase classname="TestNgPrograms.TP_ByNumber" name="Suyash" time="0.004"/>
  <system-out/>
  <testcase classname="TestNgPrograms.TP_ByNumber" name="Manish" time="0.004"/>
  <system-out/>
</testsuite> <!-- TestNgPrograms.TP_ByNumber -->
