<?xml version="1.0" encoding="UTF-8"?>
<!-- Generated by org.testng.reporters.JUnitReportReporter -->
<testsuite hostname="DESKTOP-L156P0I" failures="0" tests="3" name="TestNgPrograms.Enable" time="0.016" errors="0" timestamp="2023-10-28T04:21:21 IST" skipped="1">
  <testcase classname="TestNgPrograms.Enable" name="Mango" time="0.016"/>
  <system-out/>
  <testcase classname="TestNgPrograms.Enable" name="pineapple" time="0.000"/>
  <system-out/>
  <testcase classname="TestNgPrograms.Enable" name="Watermalon">
    <skipped/>
  </testcase> <!-- Watermalon -->
  <system-out/>
</testsuite> <!-- TestNgPrograms.Enable -->
