<?xml version="1.0" encoding="UTF-8"?>
<!-- Generated by org.testng.reporters.JUnitReportReporter -->
<testsuite hostname="DESKTOP-L156P0I" failures="0" tests="1" name="TestNgPrograms.BeforeAfter" time="0.004" errors="0" timestamp="2023-10-28T04:21:21 IST" skipped="0">
  <testcase classname="TestNgPrograms.BeforeAfter" name="N" time="0.004"/>
  <system-out/>
</testsuite> <!-- TestNgPrograms.BeforeAfter -->
